0 info it worked if it ends with ok
1 verbose cli [ 'C:\\Program Files\\nodejs\\node.exe',
1 verbose cli   'C:\\Program Files\\nodejs\\node_modules\\npm\\bin\\npm-cli.js',
1 verbose cli   'install',
1 verbose cli   'graceful-fs@4.0.0',
1 verbose cli   '--save-dev' ]
2 info using npm@3.10.9
3 info using node@v6.9.2
4 silly loadCurrentTree Starting
5 silly install loadCurrentTree
6 silly install readLocalPackageData
7 silly fetchPackageMetaData graceful-fs@4.0.0
8 silly fetchNamedPackageData graceful-fs
9 silly mapToRegistry name graceful-fs
10 silly mapToRegistry using default registry
11 silly mapToRegistry registry https://registry.npmjs.org/
12 silly mapToRegistry data Result {
12 silly mapToRegistry   raw: 'graceful-fs',
12 silly mapToRegistry   scope: null,
12 silly mapToRegistry   escapedName: 'graceful-fs',
12 silly mapToRegistry   name: 'graceful-fs',
12 silly mapToRegistry   rawSpec: '',
12 silly mapToRegistry   spec: 'latest',
12 silly mapToRegistry   type: 'tag' }
13 silly mapToRegistry uri https://registry.npmjs.org/graceful-fs
14 verbose request uri https://registry.npmjs.org/graceful-fs
15 verbose request no auth needed
16 info attempt registry request try #1 at 12:20:50 PM
17 verbose request id 1973096ffcbba538
18 verbose lastModified Wed, 12 Apr 2017 14:03:24 GMT
19 http request GET https://registry.npmjs.org/graceful-fs
20 http 200 https://registry.npmjs.org/graceful-fs
21 verbose headers { server: 'nginx/1.10.1',
21 verbose headers   'content-type': 'application/json',
21 verbose headers   'last-modified': 'Wed, 12 Apr 2017 14:03:24 GMT',
21 verbose headers   etag: 'W/"58ee33ac-100d9"',
21 verbose headers   'content-encoding': 'gzip',
21 verbose headers   'cache-control': 'max-age=300',
21 verbose headers   'content-length': '8575',
21 verbose headers   'accept-ranges': 'bytes',
21 verbose headers   date: 'Thu, 13 Apr 2017 05:20:46 GMT',
21 verbose headers   via: '1.1 varnish',
21 verbose headers   age: '161',
21 verbose headers   connection: 'keep-alive',
21 verbose headers   'x-served-by': 'cache-sin18030-SIN',
21 verbose headers   'x-cache': 'HIT',
21 verbose headers   'x-cache-hits': '8',
21 verbose headers   'x-timer': 'S1492060846.465802,VS0,VE0',
21 verbose headers   vary: 'Accept-Encoding' }
22 silly get cb [ 200,
22 silly get   { server: 'nginx/1.10.1',
22 silly get     'content-type': 'application/json',
22 silly get     'last-modified': 'Wed, 12 Apr 2017 14:03:24 GMT',
22 silly get     etag: 'W/"58ee33ac-100d9"',
22 silly get     'content-encoding': 'gzip',
22 silly get     'cache-control': 'max-age=300',
22 silly get     'content-length': '8575',
22 silly get     'accept-ranges': 'bytes',
22 silly get     date: 'Thu, 13 Apr 2017 05:20:46 GMT',
22 silly get     via: '1.1 varnish',
22 silly get     age: '161',
22 silly get     connection: 'keep-alive',
22 silly get     'x-served-by': 'cache-sin18030-SIN',
22 silly get     'x-cache': 'HIT',
22 silly get     'x-cache-hits': '8',
22 silly get     'x-timer': 'S1492060846.465802,VS0,VE0',
22 silly get     vary: 'Accept-Encoding' } ]
23 verbose get saving graceful-fs to C:\Users\Ari\AppData\Roaming\npm-cache\registry.npmjs.org\graceful-fs\.cache.json
24 verbose correctMkdir C:\Users\Ari\AppData\Roaming\npm-cache correctMkdir not in flight; initializing
25 silly fetchPackageMetaData Error: No compatible version found: graceful-fs@4.0.0
25 silly fetchPackageMetaData Valid install targets:
25 silly fetchPackageMetaData 4.1.11, 4.1.10, 4.1.9, 4.1.8, 4.1.7, 4.1.6, 4.1.5, 4.1.4, 4.1.3, 4.1.2, 4.1.1, 4.1.0, 3.0.11, 3.0.10, 3.0.9, 3.0.8, 3.0.7, 3.0.6, 3.0.5, 3.0.4, 3.0.3, 3.0.2, 3.0.1, 3.0.0, 2.0.3, 2.0.2, 2.0.1, 2.0.0, 1.2.3, 1.2.2, 1.2.1, 1.2.0, 1.1.14, 1.1.13, 1.1.12, 1.1.11, 1.1.10, 1.1.9, 1.1.8, 1.1.7, 1.1.6, 1.1.5, 1.1.4, 1.1.3, 1.1.2, 1.1.1, 1.1.0, 1.0.2, 1.0.1, 1.0.0
25 silly fetchPackageMetaData
25 silly fetchPackageMetaData     at pickVersionFromRegistryDocument (C:\Program Files\nodejs\node_modules\npm\lib\fetch-package-metadata.js:178:16)
25 silly fetchPackageMetaData     at C:\Program Files\nodejs\node_modules\npm\node_modules\iferr\index.js:13:50
25 silly fetchPackageMetaData     at C:\Program Files\nodejs\node_modules\npm\lib\utils\pulse-till-done.js:20:8
25 silly fetchPackageMetaData     at saved (C:\Program Files\nodejs\node_modules\npm\lib\cache\caching-client.js:174:7)
25 silly fetchPackageMetaData     at C:\Program Files\nodejs\node_modules\npm\node_modules\graceful-fs\polyfills.js:241:18
25 silly fetchPackageMetaData     at FSReqWrap.oncomplete (fs.js:123:15)
25 silly fetchPackageMetaData  error for graceful-fs@4.0.0 { Error: No compatible version found: graceful-fs@4.0.0
25 silly fetchPackageMetaData Valid install targets:
25 silly fetchPackageMetaData 4.1.11, 4.1.10, 4.1.9, 4.1.8, 4.1.7, 4.1.6, 4.1.5, 4.1.4, 4.1.3, 4.1.2, 4.1.1, 4.1.0, 3.0.11, 3.0.10, 3.0.9, 3.0.8, 3.0.7, 3.0.6, 3.0.5, 3.0.4, 3.0.3, 3.0.2, 3.0.1, 3.0.0, 2.0.3, 2.0.2, 2.0.1, 2.0.0, 1.2.3, 1.2.2, 1.2.1, 1.2.0, 1.1.14, 1.1.13, 1.1.12, 1.1.11, 1.1.10, 1.1.9, 1.1.8, 1.1.7, 1.1.6, 1.1.5, 1.1.4, 1.1.3, 1.1.2, 1.1.1, 1.1.0, 1.0.2, 1.0.1, 1.0.0
25 silly fetchPackageMetaData
25 silly fetchPackageMetaData     at pickVersionFromRegistryDocument (C:\Program Files\nodejs\node_modules\npm\lib\fetch-package-metadata.js:178:16)
25 silly fetchPackageMetaData     at C:\Program Files\nodejs\node_modules\npm\node_modules\iferr\index.js:13:50
25 silly fetchPackageMetaData     at C:\Program Files\nodejs\node_modules\npm\lib\utils\pulse-till-done.js:20:8
25 silly fetchPackageMetaData     at saved (C:\Program Files\nodejs\node_modules\npm\lib\cache\caching-client.js:174:7)
25 silly fetchPackageMetaData     at C:\Program Files\nodejs\node_modules\npm\node_modules\graceful-fs\polyfills.js:241:18
25 silly fetchPackageMetaData     at FSReqWrap.oncomplete (fs.js:123:15) code: 'ETARGET' }
26 silly rollbackFailedOptional Starting
27 silly rollbackFailedOptional Finishing
28 silly runTopLevelLifecycles Finishing
29 silly install printInstalled
30 verbose stack Error: No compatible version found: graceful-fs@4.0.0
30 verbose stack Valid install targets:
30 verbose stack 4.1.11, 4.1.10, 4.1.9, 4.1.8, 4.1.7, 4.1.6, 4.1.5, 4.1.4, 4.1.3, 4.1.2, 4.1.1, 4.1.0, 3.0.11, 3.0.10, 3.0.9, 3.0.8, 3.0.7, 3.0.6, 3.0.5, 3.0.4, 3.0.3, 3.0.2, 3.0.1, 3.0.0, 2.0.3, 2.0.2, 2.0.1, 2.0.0, 1.2.3, 1.2.2, 1.2.1, 1.2.0, 1.1.14, 1.1.13, 1.1.12, 1.1.11, 1.1.10, 1.1.9, 1.1.8, 1.1.7, 1.1.6, 1.1.5, 1.1.4, 1.1.3, 1.1.2, 1.1.1, 1.1.0, 1.0.2, 1.0.1, 1.0.0
30 verbose stack
30 verbose stack     at pickVersionFromRegistryDocument (C:\Program Files\nodejs\node_modules\npm\lib\fetch-package-metadata.js:178:16)
30 verbose stack     at C:\Program Files\nodejs\node_modules\npm\node_modules\iferr\index.js:13:50
30 verbose stack     at C:\Program Files\nodejs\node_modules\npm\lib\utils\pulse-till-done.js:20:8
30 verbose stack     at saved (C:\Program Files\nodejs\node_modules\npm\lib\cache\caching-client.js:174:7)
30 verbose stack     at C:\Program Files\nodejs\node_modules\npm\node_modules\graceful-fs\polyfills.js:241:18
30 verbose stack     at FSReqWrap.oncomplete (fs.js:123:15)
31 verbose cwd C:\xampp\htdocs\codehacking
32 error Windows_NT 10.0.14393
33 error argv "C:\\Program Files\\nodejs\\node.exe" "C:\\Program Files\\nodejs\\node_modules\\npm\\bin\\npm-cli.js" "install" "graceful-fs@4.0.0" "--save-dev"
34 error node v6.9.2
35 error npm  v3.10.9
36 error code ETARGET
37 error notarget No compatible version found: graceful-fs@4.0.0
37 error notarget Valid install targets:
37 error notarget 4.1.11, 4.1.10, 4.1.9, 4.1.8, 4.1.7, 4.1.6, 4.1.5, 4.1.4, 4.1.3, 4.1.2, 4.1.1, 4.1.0, 3.0.11, 3.0.10, 3.0.9, 3.0.8, 3.0.7, 3.0.6, 3.0.5, 3.0.4, 3.0.3, 3.0.2, 3.0.1, 3.0.0, 2.0.3, 2.0.2, 2.0.1, 2.0.0, 1.2.3, 1.2.2, 1.2.1, 1.2.0, 1.1.14, 1.1.13, 1.1.12, 1.1.11, 1.1.10, 1.1.9, 1.1.8, 1.1.7, 1.1.6, 1.1.5, 1.1.4, 1.1.3, 1.1.2, 1.1.1, 1.1.0, 1.0.2, 1.0.1, 1.0.0
38 error notarget This is most likely not a problem with npm itself.
38 error notarget In most cases you or one of your dependencies are requesting
38 error notarget a package version that doesn't exist.
39 verbose exit [ 1, true ]
